[31-May-2023 17:54:42 UTC] PHP Warning:  Trying to access array offset on value of type null in C:\Users\Maria.Perez\Local Sites\houselink\app\public\wp-content\themes\houselink\page-templates\template-home.php on line 14
[31-May-2023 17:54:42 UTC] PHP Warning:  Trying to access array offset on value of type null in C:\Users\Maria.Perez\Local Sites\houselink\app\public\wp-content\themes\houselink\page-templates\template-home.php on line 15
[31-May-2023 17:54:42 UTC] PHP Warning:  Trying to access array offset on value of type null in C:\Users\Maria.Perez\Local Sites\houselink\app\public\wp-content\themes\houselink\page-templates\template-home.php on line 16
[31-May-2023 17:54:42 UTC] PHP Warning:  foreach() argument must be of type array|object, null given in C:\Users\Maria.Perez\Local Sites\houselink\app\public\wp-content\themes\houselink\page-templates\template-home.php on line 51
[31-May-2023 17:54:49 UTC] PHP Warning:  Trying to access array offset on value of type null in C:\Users\Maria.Perez\Local Sites\houselink\app\public\wp-content\themes\houselink\page-templates\template-home.php on line 14
[31-May-2023 17:54:49 UTC] PHP Warning:  Trying to access array offset on value of type null in C:\Users\Maria.Perez\Local Sites\houselink\app\public\wp-content\themes\houselink\page-templates\template-home.php on line 15
[31-May-2023 17:54:49 UTC] PHP Warning:  Trying to access array offset on value of type null in C:\Users\Maria.Perez\Local Sites\houselink\app\public\wp-content\themes\houselink\page-templates\template-home.php on line 16
[31-May-2023 17:54:49 UTC] PHP Warning:  foreach() argument must be of type array|object, null given in C:\Users\Maria.Perez\Local Sites\houselink\app\public\wp-content\themes\houselink\page-templates\template-home.php on line 51
[31-May-2023 18:01:08 UTC] PHP Warning:  Trying to access array offset on value of type null in C:\Users\Maria.Perez\Local Sites\houselink\app\public\wp-content\themes\houselink\page-templates\template-home.php on line 14
[31-May-2023 18:01:08 UTC] PHP Warning:  Trying to access array offset on value of type null in C:\Users\Maria.Perez\Local Sites\houselink\app\public\wp-content\themes\houselink\page-templates\template-home.php on line 15
[31-May-2023 18:01:08 UTC] PHP Warning:  Trying to access array offset on value of type null in C:\Users\Maria.Perez\Local Sites\houselink\app\public\wp-content\themes\houselink\page-templates\template-home.php on line 16
[31-May-2023 18:01:08 UTC] PHP Warning:  foreach() argument must be of type array|object, null given in C:\Users\Maria.Perez\Local Sites\houselink\app\public\wp-content\themes\houselink\page-templates\template-home.php on line 51
[01-Jun-2023 07:06:05 UTC] PHP Warning:  Trying to access array offset on value of type null in C:\Users\Maria.Perez\Local Sites\houselink\app\public\wp-content\themes\houselink\page-templates\template-home.php on line 14
[01-Jun-2023 07:06:05 UTC] PHP Warning:  Trying to access array offset on value of type null in C:\Users\Maria.Perez\Local Sites\houselink\app\public\wp-content\themes\houselink\page-templates\template-home.php on line 15
[01-Jun-2023 07:06:05 UTC] PHP Warning:  Trying to access array offset on value of type null in C:\Users\Maria.Perez\Local Sites\houselink\app\public\wp-content\themes\houselink\page-templates\template-home.php on line 16
[01-Jun-2023 07:06:05 UTC] PHP Warning:  foreach() argument must be of type array|object, null given in C:\Users\Maria.Perez\Local Sites\houselink\app\public\wp-content\themes\houselink\page-templates\template-home.php on line 51
[01-Jun-2023 12:41:56 UTC] PHP Warning:  Trying to access array offset on value of type null in C:\Users\Maria.Perez\Local Sites\houselink\app\public\wp-content\themes\houselink\page-templates\template-home.php on line 14
[01-Jun-2023 12:41:56 UTC] PHP Warning:  Trying to access array offset on value of type null in C:\Users\Maria.Perez\Local Sites\houselink\app\public\wp-content\themes\houselink\page-templates\template-home.php on line 15
[01-Jun-2023 12:41:56 UTC] PHP Warning:  Trying to access array offset on value of type null in C:\Users\Maria.Perez\Local Sites\houselink\app\public\wp-content\themes\houselink\page-templates\template-home.php on line 16
[01-Jun-2023 12:41:56 UTC] PHP Warning:  foreach() argument must be of type array|object, null given in C:\Users\Maria.Perez\Local Sites\houselink\app\public\wp-content\themes\houselink\page-templates\template-home.php on line 51
[01-Jun-2023 12:51:37 UTC] PHP Warning:  Trying to access array offset on value of type null in C:\Users\Maria.Perez\Local Sites\houselink\app\public\wp-content\themes\houselink\page-templates\template-home.php on line 14
[01-Jun-2023 12:51:37 UTC] PHP Warning:  Trying to access array offset on value of type null in C:\Users\Maria.Perez\Local Sites\houselink\app\public\wp-content\themes\houselink\page-templates\template-home.php on line 15
[01-Jun-2023 12:51:37 UTC] PHP Warning:  Trying to access array offset on value of type null in C:\Users\Maria.Perez\Local Sites\houselink\app\public\wp-content\themes\houselink\page-templates\template-home.php on line 16
[01-Jun-2023 12:51:37 UTC] PHP Warning:  foreach() argument must be of type array|object, null given in C:\Users\Maria.Perez\Local Sites\houselink\app\public\wp-content\themes\houselink\page-templates\template-home.php on line 51
[01-Jun-2023 12:51:41 UTC] PHP Warning:  Trying to access array offset on value of type null in C:\Users\Maria.Perez\Local Sites\houselink\app\public\wp-content\themes\houselink\page-templates\template-home.php on line 14
[01-Jun-2023 12:51:41 UTC] PHP Warning:  Trying to access array offset on value of type null in C:\Users\Maria.Perez\Local Sites\houselink\app\public\wp-content\themes\houselink\page-templates\template-home.php on line 15
[01-Jun-2023 12:51:41 UTC] PHP Warning:  Trying to access array offset on value of type null in C:\Users\Maria.Perez\Local Sites\houselink\app\public\wp-content\themes\houselink\page-templates\template-home.php on line 16
[01-Jun-2023 12:51:41 UTC] PHP Warning:  foreach() argument must be of type array|object, null given in C:\Users\Maria.Perez\Local Sites\houselink\app\public\wp-content\themes\houselink\page-templates\template-home.php on line 51
[01-Jun-2023 12:51:53 UTC] PHP Warning:  Trying to access array offset on value of type null in C:\Users\Maria.Perez\Local Sites\houselink\app\public\wp-content\themes\houselink\page-templates\template-home.php on line 14
[01-Jun-2023 12:51:53 UTC] PHP Warning:  Trying to access array offset on value of type null in C:\Users\Maria.Perez\Local Sites\houselink\app\public\wp-content\themes\houselink\page-templates\template-home.php on line 15
[01-Jun-2023 12:51:53 UTC] PHP Warning:  Trying to access array offset on value of type null in C:\Users\Maria.Perez\Local Sites\houselink\app\public\wp-content\themes\houselink\page-templates\template-home.php on line 16
[01-Jun-2023 12:51:53 UTC] PHP Warning:  foreach() argument must be of type array|object, null given in C:\Users\Maria.Perez\Local Sites\houselink\app\public\wp-content\themes\houselink\page-templates\template-home.php on line 51
[01-Jun-2023 12:51:55 UTC] PHP Warning:  Trying to access array offset on value of type null in C:\Users\Maria.Perez\Local Sites\houselink\app\public\wp-content\themes\houselink\page-templates\template-home.php on line 14
[01-Jun-2023 12:51:55 UTC] PHP Warning:  Trying to access array offset on value of type null in C:\Users\Maria.Perez\Local Sites\houselink\app\public\wp-content\themes\houselink\page-templates\template-home.php on line 15
[01-Jun-2023 12:51:55 UTC] PHP Warning:  Trying to access array offset on value of type null in C:\Users\Maria.Perez\Local Sites\houselink\app\public\wp-content\themes\houselink\page-templates\template-home.php on line 16
[01-Jun-2023 12:51:55 UTC] PHP Warning:  foreach() argument must be of type array|object, null given in C:\Users\Maria.Perez\Local Sites\houselink\app\public\wp-content\themes\houselink\page-templates\template-home.php on line 51
[01-Jun-2023 12:51:56 UTC] PHP Warning:  Trying to access array offset on value of type null in C:\Users\Maria.Perez\Local Sites\houselink\app\public\wp-content\themes\houselink\page-templates\template-home.php on line 14
[01-Jun-2023 12:51:56 UTC] PHP Warning:  Trying to access array offset on value of type null in C:\Users\Maria.Perez\Local Sites\houselink\app\public\wp-content\themes\houselink\page-templates\template-home.php on line 15
[01-Jun-2023 12:51:56 UTC] PHP Warning:  Trying to access array offset on value of type null in C:\Users\Maria.Perez\Local Sites\houselink\app\public\wp-content\themes\houselink\page-templates\template-home.php on line 16
[01-Jun-2023 12:51:56 UTC] PHP Warning:  foreach() argument must be of type array|object, null given in C:\Users\Maria.Perez\Local Sites\houselink\app\public\wp-content\themes\houselink\page-templates\template-home.php on line 51
[01-Jun-2023 12:53:38 UTC] PHP Warning:  Trying to access array offset on value of type null in C:\Users\Maria.Perez\Local Sites\houselink\app\public\wp-content\themes\houselink\page-templates\template-home.php on line 14
[01-Jun-2023 12:53:38 UTC] PHP Warning:  Trying to access array offset on value of type null in C:\Users\Maria.Perez\Local Sites\houselink\app\public\wp-content\themes\houselink\page-templates\template-home.php on line 15
[01-Jun-2023 12:53:38 UTC] PHP Warning:  Trying to access array offset on value of type null in C:\Users\Maria.Perez\Local Sites\houselink\app\public\wp-content\themes\houselink\page-templates\template-home.php on line 16
[01-Jun-2023 12:53:38 UTC] PHP Warning:  foreach() argument must be of type array|object, null given in C:\Users\Maria.Perez\Local Sites\houselink\app\public\wp-content\themes\houselink\page-templates\template-home.php on line 51
[01-Jun-2023 12:54:08 UTC] PHP Warning:  Trying to access array offset on value of type null in C:\Users\Maria.Perez\Local Sites\houselink\app\public\wp-content\themes\houselink\page-templates\template-home.php on line 14
[01-Jun-2023 12:54:08 UTC] PHP Warning:  Trying to access array offset on value of type null in C:\Users\Maria.Perez\Local Sites\houselink\app\public\wp-content\themes\houselink\page-templates\template-home.php on line 15
[01-Jun-2023 12:54:08 UTC] PHP Warning:  Trying to access array offset on value of type null in C:\Users\Maria.Perez\Local Sites\houselink\app\public\wp-content\themes\houselink\page-templates\template-home.php on line 16
[01-Jun-2023 12:54:08 UTC] PHP Warning:  foreach() argument must be of type array|object, null given in C:\Users\Maria.Perez\Local Sites\houselink\app\public\wp-content\themes\houselink\page-templates\template-home.php on line 51
[01-Jun-2023 12:58:05 UTC] PHP Warning:  Trying to access array offset on value of type null in C:\Users\Maria.Perez\Local Sites\houselink\app\public\wp-content\themes\houselink\page-templates\template-home.php on line 14
[01-Jun-2023 12:58:05 UTC] PHP Warning:  Trying to access array offset on value of type null in C:\Users\Maria.Perez\Local Sites\houselink\app\public\wp-content\themes\houselink\page-templates\template-home.php on line 15
[01-Jun-2023 12:58:05 UTC] PHP Warning:  Trying to access array offset on value of type null in C:\Users\Maria.Perez\Local Sites\houselink\app\public\wp-content\themes\houselink\page-templates\template-home.php on line 16
[01-Jun-2023 12:58:05 UTC] PHP Warning:  foreach() argument must be of type array|object, null given in C:\Users\Maria.Perez\Local Sites\houselink\app\public\wp-content\themes\houselink\page-templates\template-home.php on line 51
[04-Jun-2023 11:01:18 UTC] PHP Warning:  Trying to access array offset on value of type null in C:\Users\Maria.Perez\Local Sites\houselink\app\public\wp-content\themes\houselink\page-templates\template-home.php on line 14
[04-Jun-2023 11:01:18 UTC] PHP Warning:  Trying to access array offset on value of type null in C:\Users\Maria.Perez\Local Sites\houselink\app\public\wp-content\themes\houselink\page-templates\template-home.php on line 15
[04-Jun-2023 11:01:18 UTC] PHP Warning:  Trying to access array offset on value of type null in C:\Users\Maria.Perez\Local Sites\houselink\app\public\wp-content\themes\houselink\page-templates\template-home.php on line 16
[04-Jun-2023 11:01:18 UTC] PHP Warning:  foreach() argument must be of type array|object, null given in C:\Users\Maria.Perez\Local Sites\houselink\app\public\wp-content\themes\houselink\page-templates\template-home.php on line 51
[04-Jun-2023 11:01:27 UTC] PHP Warning:  Trying to access array offset on value of type null in C:\Users\Maria.Perez\Local Sites\houselink\app\public\wp-content\themes\houselink\page-templates\template-home.php on line 14
[04-Jun-2023 11:01:27 UTC] PHP Warning:  Trying to access array offset on value of type null in C:\Users\Maria.Perez\Local Sites\houselink\app\public\wp-content\themes\houselink\page-templates\template-home.php on line 15
[04-Jun-2023 11:01:27 UTC] PHP Warning:  Trying to access array offset on value of type null in C:\Users\Maria.Perez\Local Sites\houselink\app\public\wp-content\themes\houselink\page-templates\template-home.php on line 16
[04-Jun-2023 11:01:27 UTC] PHP Warning:  foreach() argument must be of type array|object, null given in C:\Users\Maria.Perez\Local Sites\houselink\app\public\wp-content\themes\houselink\page-templates\template-home.php on line 51
[04-Jun-2023 13:07:00 UTC] PHP Warning:  Trying to access array offset on value of type null in C:\Users\Maria.Perez\Local Sites\houselink\app\public\wp-content\themes\houselink\page-templates\template-home.php on line 14
[04-Jun-2023 13:07:00 UTC] PHP Warning:  Trying to access array offset on value of type null in C:\Users\Maria.Perez\Local Sites\houselink\app\public\wp-content\themes\houselink\page-templates\template-home.php on line 15
[04-Jun-2023 13:07:00 UTC] PHP Warning:  Trying to access array offset on value of type null in C:\Users\Maria.Perez\Local Sites\houselink\app\public\wp-content\themes\houselink\page-templates\template-home.php on line 16
[04-Jun-2023 13:07:00 UTC] PHP Warning:  foreach() argument must be of type array|object, null given in C:\Users\Maria.Perez\Local Sites\houselink\app\public\wp-content\themes\houselink\page-templates\template-home.php on line 51
[04-Jun-2023 13:09:18 UTC] PHP Warning:  Trying to access array offset on value of type null in C:\Users\Maria.Perez\Local Sites\houselink\app\public\wp-content\themes\houselink\page-templates\template-home.php on line 14
[04-Jun-2023 13:09:18 UTC] PHP Warning:  Trying to access array offset on value of type null in C:\Users\Maria.Perez\Local Sites\houselink\app\public\wp-content\themes\houselink\page-templates\template-home.php on line 15
[04-Jun-2023 13:09:18 UTC] PHP Warning:  Trying to access array offset on value of type null in C:\Users\Maria.Perez\Local Sites\houselink\app\public\wp-content\themes\houselink\page-templates\template-home.php on line 16
[04-Jun-2023 13:09:18 UTC] PHP Warning:  foreach() argument must be of type array|object, null given in C:\Users\Maria.Perez\Local Sites\houselink\app\public\wp-content\themes\houselink\page-templates\template-home.php on line 51
[04-Jun-2023 14:44:31 UTC] PHP Warning:  Undefined variable $aboutus_title_section_home in C:\Users\Maria.Perez\Local Sites\houselink\app\public\wp-content\themes\houselink\page-templates\template-home.php on line 39
[04-Jun-2023 14:44:31 UTC] PHP Warning:  Array to string conversion in C:\Users\Maria.Perez\Local Sites\houselink\app\public\wp-content\themes\houselink\page-templates\template-home.php on line 43
[04-Jun-2023 14:45:20 UTC] PHP Warning:  Array to string conversion in C:\Users\Maria.Perez\Local Sites\houselink\app\public\wp-content\themes\houselink\page-templates\template-home.php on line 44
[04-Jun-2023 14:45:55 UTC] PHP Warning:  Array to string conversion in C:\Users\Maria.Perez\Local Sites\houselink\app\public\wp-content\themes\houselink\page-templates\template-home.php on line 44
[04-Jun-2023 14:46:40 UTC] PHP Warning:  Array to string conversion in C:\Users\Maria.Perez\Local Sites\houselink\app\public\wp-content\themes\houselink\page-templates\template-home.php on line 44
[04-Jun-2023 16:06:13 UTC] PHP Warning:  Undefined array key "$copyright_footer" in C:\Users\Maria.Perez\Local Sites\houselink\app\public\wp-content\themes\houselink\footer.php on line 18
[04-Jun-2023 16:30:57 UTC] PHP Warning:  Undefined array key "privacidad" in C:\Users\Maria.Perez\Local Sites\houselink\app\public\wp-content\themes\houselink\functions.php on line 798
[04-Jun-2023 16:30:57 UTC] PHP Warning:  Trying to access array offset on value of type null in C:\Users\Maria.Perez\Local Sites\houselink\app\public\wp-content\themes\houselink\functions.php on line 798
[04-Jun-2023 17:21:33 UTC] PHP Warning:  Undefined variable $titulo in C:\Users\Maria.Perez\Local Sites\houselink\app\public\wp-content\themes\houselink\single.php on line 21
[04-Jun-2023 17:23:12 UTC] PHP Warning:  Undefined variable $titulo in C:\Users\Maria.Perez\Local Sites\houselink\app\public\wp-content\themes\houselink\single.php on line 21
[04-Jun-2023 19:06:29 UTC] PHP Fatal error:  Uncaught Error: Undefined constant "get_the_post_thumbnail_url" in C:\Users\Maria.Perez\Local Sites\houselink\app\public\wp-content\themes\houselink\page-templates\template-legal.php:17
Stack trace:
#0 C:\Users\Maria.Perez\Local Sites\houselink\app\public\wp-includes\template-loader.php(106): include()
#1 C:\Users\Maria.Perez\Local Sites\houselink\app\public\wp-blog-header.php(19): require_once('C:\\Users\\Maria....')
#2 C:\Users\Maria.Perez\Local Sites\houselink\app\public\index.php(17): require('C:\\Users\\Maria....')
#3 {main}
  thrown in C:\Users\Maria.Perez\Local Sites\houselink\app\public\wp-content\themes\houselink\page-templates\template-legal.php on line 17
[04-Jun-2023 19:06:50 UTC] PHP Fatal error:  Uncaught Error: Undefined constant "get_the_post_thumbnail_url" in C:\Users\Maria.Perez\Local Sites\houselink\app\public\wp-content\themes\houselink\page-templates\template-legal.php:17
Stack trace:
#0 C:\Users\Maria.Perez\Local Sites\houselink\app\public\wp-includes\template-loader.php(106): include()
#1 C:\Users\Maria.Perez\Local Sites\houselink\app\public\wp-blog-header.php(19): require_once('C:\\Users\\Maria....')
#2 C:\Users\Maria.Perez\Local Sites\houselink\app\public\index.php(17): require('C:\\Users\\Maria....')
#3 {main}
  thrown in C:\Users\Maria.Perez\Local Sites\houselink\app\public\wp-content\themes\houselink\page-templates\template-legal.php on line 17
[04-Jun-2023 20:05:26 UTC] PHP Warning:  Undefined variable $titulo in C:\Users\Maria.Perez\Local Sites\houselink\app\public\wp-content\themes\houselink\single.php on line 21
[04-Jun-2023 22:50:03 UTC] PHP Fatal error:  Uncaught TypeError: Cannot access offset of type string on string in C:\Users\Maria.Perez\Local Sites\houselink\app\public\wp-content\themes\houselink\single-servicios.php:15
Stack trace:
#0 C:\Users\Maria.Perez\Local Sites\houselink\app\public\wp-includes\template-loader.php(106): include()
#1 C:\Users\Maria.Perez\Local Sites\houselink\app\public\wp-blog-header.php(19): require_once('C:\\Users\\Maria....')
#2 C:\Users\Maria.Perez\Local Sites\houselink\app\public\index.php(17): require('C:\\Users\\Maria....')
#3 {main}
  thrown in C:\Users\Maria.Perez\Local Sites\houselink\app\public\wp-content\themes\houselink\single-servicios.php on line 15
[04-Jun-2023 22:52:29 UTC] PHP Fatal error:  Uncaught TypeError: Cannot access offset of type string on string in C:\Users\Maria.Perez\Local Sites\houselink\app\public\wp-content\themes\houselink\single-servicios.php:15
Stack trace:
#0 C:\Users\Maria.Perez\Local Sites\houselink\app\public\wp-includes\template-loader.php(106): include()
#1 C:\Users\Maria.Perez\Local Sites\houselink\app\public\wp-blog-header.php(19): require_once('C:\\Users\\Maria....')
#2 C:\Users\Maria.Perez\Local Sites\houselink\app\public\index.php(17): require('C:\\Users\\Maria....')
#3 {main}
  thrown in C:\Users\Maria.Perez\Local Sites\houselink\app\public\wp-content\themes\houselink\single-servicios.php on line 15
[15-Jun-2023 20:42:15 UTC] PHP Fatal error:  Uncaught Error: Call to undefined function get_thumbnail() in C:\Users\Maria.Perez\Local Sites\houselink\app\public\wp-content\themes\houselink\page-templates\template-blog.php:11
Stack trace:
#0 C:\Users\Maria.Perez\Local Sites\houselink\app\public\wp-includes\template-loader.php(106): include()
#1 C:\Users\Maria.Perez\Local Sites\houselink\app\public\wp-blog-header.php(19): require_once('C:\\Users\\Maria....')
#2 C:\Users\Maria.Perez\Local Sites\houselink\app\public\index.php(17): require('C:\\Users\\Maria....')
#3 {main}
  thrown in C:\Users\Maria.Perez\Local Sites\houselink\app\public\wp-content\themes\houselink\page-templates\template-blog.php on line 11
[15-Jun-2023 20:45:48 UTC] PHP Warning:  Undefined variable $titulo in C:\Users\Maria.Perez\Local Sites\houselink\app\public\wp-content\themes\houselink\single.php on line 21
[15-Jun-2023 20:47:11 UTC] PHP Warning:  Undefined variable $titulo in C:\Users\Maria.Perez\Local Sites\houselink\app\public\wp-content\themes\houselink\single.php on line 21
[15-Jun-2023 21:05:38 UTC] PHP Warning:  Undefined variable $titulo in C:\Users\Maria.Perez\Local Sites\houselink\app\public\wp-content\themes\houselink\single.php on line 21
[15-Jun-2023 21:06:49 UTC] PHP Warning:  Undefined variable $titulo in C:\Users\Maria.Perez\Local Sites\houselink\app\public\wp-content\themes\houselink\single.php on line 21
[15-Jun-2023 21:07:55 UTC] PHP Warning:  Undefined variable $titulo in C:\Users\Maria.Perez\Local Sites\houselink\app\public\wp-content\themes\houselink\single.php on line 21
[15-Jun-2023 21:08:34 UTC] PHP Warning:  Undefined variable $titulo in C:\Users\Maria.Perez\Local Sites\houselink\app\public\wp-content\themes\houselink\single.php on line 21
[15-Jun-2023 21:09:33 UTC] PHP Warning:  Undefined variable $titulo in C:\Users\Maria.Perez\Local Sites\houselink\app\public\wp-content\themes\houselink\single.php on line 21
[15-Jun-2023 21:13:08 UTC] PHP Warning:  Undefined variable $titulo in C:\Users\Maria.Perez\Local Sites\houselink\app\public\wp-content\themes\houselink\single.php on line 21
[15-Jun-2023 21:16:00 UTC] PHP Warning:  Undefined variable $titulo in C:\Users\Maria.Perez\Local Sites\houselink\app\public\wp-content\themes\houselink\single.php on line 21
[15-Jun-2023 21:16:04 UTC] PHP Warning:  Undefined variable $titulo in C:\Users\Maria.Perez\Local Sites\houselink\app\public\wp-content\themes\houselink\single.php on line 21
[15-Jun-2023 21:16:45 UTC] PHP Warning:  Undefined variable $titulo in C:\Users\Maria.Perez\Local Sites\houselink\app\public\wp-content\themes\houselink\single.php on line 21
[15-Jun-2023 21:17:03 UTC] PHP Warning:  Undefined variable $titulo in C:\Users\Maria.Perez\Local Sites\houselink\app\public\wp-content\themes\houselink\single.php on line 21
[15-Jun-2023 21:18:27 UTC] PHP Warning:  Undefined variable $titulo in C:\Users\Maria.Perez\Local Sites\houselink\app\public\wp-content\themes\houselink\single.php on line 21
[15-Jun-2023 21:20:57 UTC] PHP Warning:  Undefined variable $titulo in C:\Users\Maria.Perez\Local Sites\houselink\app\public\wp-content\themes\houselink\single.php on line 21
[15-Jun-2023 21:22:08 UTC] PHP Warning:  Undefined variable $titulo in C:\Users\Maria.Perez\Local Sites\houselink\app\public\wp-content\themes\houselink\single.php on line 21
[18-Jun-2023 22:10:30 UTC] PHP Warning:  Attempt to read property "name" on string in C:\Users\Maria.Perez\Local Sites\houselink\app\public\wp-content\themes\houselink\single-inmuebles.php on line 42
[18-Jun-2023 22:10:30 UTC] PHP Warning:  Undefined variable $formulario in C:\Users\Maria.Perez\Local Sites\houselink\app\public\wp-content\themes\houselink\single-inmuebles.php on line 141
[18-Jun-2023 22:15:30 UTC] PHP Warning:  Attempt to read property "name" on string in C:\Users\Maria.Perez\Local Sites\houselink\app\public\wp-content\themes\houselink\single-inmuebles.php on line 42
[18-Jun-2023 22:15:30 UTC] PHP Fatal error:  Uncaught Error: Undefined constant "URLTHEME" in C:\Users\Maria.Perez\Local Sites\houselink\app\public\wp-content\themes\houselink\single-inmuebles.php:82
Stack trace:
#0 C:\Users\Maria.Perez\Local Sites\houselink\app\public\wp-includes\template-loader.php(106): include()
#1 C:\Users\Maria.Perez\Local Sites\houselink\app\public\wp-blog-header.php(19): require_once('C:\\Users\\Maria....')
#2 C:\Users\Maria.Perez\Local Sites\houselink\app\public\index.php(17): require('C:\\Users\\Maria....')
#3 {main}
  thrown in C:\Users\Maria.Perez\Local Sites\houselink\app\public\wp-content\themes\houselink\single-inmuebles.php on line 82
[18-Jun-2023 22:17:16 UTC] PHP Warning:  Attempt to read property "name" on string in C:\Users\Maria.Perez\Local Sites\houselink\app\public\wp-content\themes\houselink\single-inmuebles.php on line 42
[18-Jun-2023 22:17:16 UTC] PHP Fatal error:  Uncaught TypeError: Unsupported operand types: string + string in C:\Users\Maria.Perez\Local Sites\houselink\app\public\wp-content\themes\houselink\single-inmuebles.php:82
Stack trace:
#0 C:\Users\Maria.Perez\Local Sites\houselink\app\public\wp-includes\template-loader.php(106): include()
#1 C:\Users\Maria.Perez\Local Sites\houselink\app\public\wp-blog-header.php(19): require_once('C:\\Users\\Maria....')
#2 C:\Users\Maria.Perez\Local Sites\houselink\app\public\index.php(17): require('C:\\Users\\Maria....')
#3 {main}
  thrown in C:\Users\Maria.Perez\Local Sites\houselink\app\public\wp-content\themes\houselink\single-inmuebles.php on line 82
[18-Jun-2023 22:18:07 UTC] PHP Warning:  Attempt to read property "name" on string in C:\Users\Maria.Perez\Local Sites\houselink\app\public\wp-content\themes\houselink\single-inmuebles.php on line 42
[18-Jun-2023 22:18:07 UTC] PHP Warning:  Undefined variable $formulario in C:\Users\Maria.Perez\Local Sites\houselink\app\public\wp-content\themes\houselink\single-inmuebles.php on line 141
[18-Jun-2023 22:18:31 UTC] PHP Warning:  Attempt to read property "name" on string in C:\Users\Maria.Perez\Local Sites\houselink\app\public\wp-content\themes\houselink\single-inmuebles.php on line 42
[18-Jun-2023 22:18:31 UTC] PHP Warning:  Undefined variable $formulario in C:\Users\Maria.Perez\Local Sites\houselink\app\public\wp-content\themes\houselink\single-inmuebles.php on line 141
[18-Jun-2023 22:19:59 UTC] PHP Warning:  Attempt to read property "name" on string in C:\Users\Maria.Perez\Local Sites\houselink\app\public\wp-content\themes\houselink\single-inmuebles.php on line 42
[18-Jun-2023 22:19:59 UTC] PHP Warning:  Undefined variable $formulario in C:\Users\Maria.Perez\Local Sites\houselink\app\public\wp-content\themes\houselink\single-inmuebles.php on line 141
[18-Jun-2023 22:21:11 UTC] PHP Warning:  Attempt to read property "name" on string in C:\Users\Maria.Perez\Local Sites\houselink\app\public\wp-content\themes\houselink\single-inmuebles.php on line 42
[18-Jun-2023 22:21:11 UTC] PHP Warning:  Undefined variable $formulario in C:\Users\Maria.Perez\Local Sites\houselink\app\public\wp-content\themes\houselink\single-inmuebles.php on line 141
[18-Jun-2023 22:22:12 UTC] PHP Warning:  Attempt to read property "name" on string in C:\Users\Maria.Perez\Local Sites\houselink\app\public\wp-content\themes\houselink\single-inmuebles.php on line 42
[18-Jun-2023 22:22:12 UTC] PHP Warning:  Undefined variable $formulario in C:\Users\Maria.Perez\Local Sites\houselink\app\public\wp-content\themes\houselink\single-inmuebles.php on line 141
[18-Jun-2023 22:22:24 UTC] PHP Warning:  Attempt to read property "name" on string in C:\Users\Maria.Perez\Local Sites\houselink\app\public\wp-content\themes\houselink\single-inmuebles.php on line 42
[18-Jun-2023 22:22:24 UTC] PHP Warning:  Undefined variable $formulario in C:\Users\Maria.Perez\Local Sites\houselink\app\public\wp-content\themes\houselink\single-inmuebles.php on line 141
[18-Jun-2023 22:25:38 UTC] PHP Warning:  Undefined variable $formulario in C:\Users\Maria.Perez\Local Sites\houselink\app\public\wp-content\themes\houselink\single-inmuebles.php on line 141
[18-Jun-2023 22:27:18 UTC] PHP Warning:  Undefined variable $formulario in C:\Users\Maria.Perez\Local Sites\houselink\app\public\wp-content\themes\houselink\single-inmuebles.php on line 141
[18-Jun-2023 22:29:56 UTC] PHP Warning:  Undefined variable $formulario in C:\Users\Maria.Perez\Local Sites\houselink\app\public\wp-content\themes\houselink\single-inmuebles.php on line 146
[18-Jun-2023 22:35:11 UTC] PHP Parse error:  syntax error, unexpected identifier "get_template_directory_uri", expecting "," or ";" in C:\Users\Maria.Perez\Local Sites\houselink\app\public\wp-content\themes\houselink\single-inmuebles.php on line 87
[18-Jun-2023 22:36:00 UTC] PHP Warning:  Undefined variable $formulario in C:\Users\Maria.Perez\Local Sites\houselink\app\public\wp-content\themes\houselink\single-inmuebles.php on line 146
[18-Jun-2023 22:38:36 UTC] PHP Warning:  Undefined variable $formulario in C:\Users\Maria.Perez\Local Sites\houselink\app\public\wp-content\themes\houselink\single-inmuebles.php on line 146
[18-Jun-2023 22:38:54 UTC] PHP Warning:  Undefined variable $formulario in C:\Users\Maria.Perez\Local Sites\houselink\app\public\wp-content\themes\houselink\single-inmuebles.php on line 146
[18-Jun-2023 22:39:26 UTC] PHP Warning:  Undefined variable $formulario in C:\Users\Maria.Perez\Local Sites\houselink\app\public\wp-content\themes\houselink\single-inmuebles.php on line 146
[18-Jun-2023 22:41:07 UTC] PHP Warning:  Undefined variable $formulario in C:\Users\Maria.Perez\Local Sites\houselink\app\public\wp-content\themes\houselink\single-inmuebles.php on line 146
[18-Jun-2023 22:42:14 UTC] PHP Warning:  Undefined variable $formulario in C:\Users\Maria.Perez\Local Sites\houselink\app\public\wp-content\themes\houselink\single-inmuebles.php on line 146
[18-Jun-2023 22:42:45 UTC] PHP Warning:  Undefined variable $formulario in C:\Users\Maria.Perez\Local Sites\houselink\app\public\wp-content\themes\houselink\single-inmuebles.php on line 146
[18-Jun-2023 22:44:17 UTC] PHP Warning:  Undefined variable $formulario in C:\Users\Maria.Perez\Local Sites\houselink\app\public\wp-content\themes\houselink\single-inmuebles.php on line 145
[18-Jun-2023 22:45:02 UTC] PHP Warning:  Undefined variable $formulario in C:\Users\Maria.Perez\Local Sites\houselink\app\public\wp-content\themes\houselink\single-inmuebles.php on line 145
[18-Jun-2023 22:45:31 UTC] PHP Warning:  Undefined variable $formulario in C:\Users\Maria.Perez\Local Sites\houselink\app\public\wp-content\themes\houselink\single-inmuebles.php on line 145
[18-Jun-2023 22:46:51 UTC] PHP Warning:  Undefined variable $formulario in C:\Users\Maria.Perez\Local Sites\houselink\app\public\wp-content\themes\houselink\single-inmuebles.php on line 145
[18-Jun-2023 22:48:12 UTC] PHP Warning:  Undefined variable $formulario in C:\Users\Maria.Perez\Local Sites\houselink\app\public\wp-content\themes\houselink\single-inmuebles.php on line 145
[18-Jun-2023 22:48:39 UTC] PHP Warning:  Undefined variable $formulario in C:\Users\Maria.Perez\Local Sites\houselink\app\public\wp-content\themes\houselink\single-inmuebles.php on line 145
[18-Jun-2023 22:49:02 UTC] PHP Warning:  Undefined variable $formulario in C:\Users\Maria.Perez\Local Sites\houselink\app\public\wp-content\themes\houselink\single-inmuebles.php on line 145
[18-Jun-2023 22:59:17 UTC] PHP Warning:  Undefined variable $formulario in C:\Users\Maria.Perez\Local Sites\houselink\app\public\wp-content\themes\houselink\single-inmuebles.php on line 145
[19-Jun-2023 07:01:17 UTC] PHP Parse error:  syntax error, unexpected token "," in C:\Users\Maria.Perez\Local Sites\houselink\app\public\wp-content\themes\houselink\single-inmuebles.php on line 43
[19-Jun-2023 07:01:37 UTC] PHP Warning:  Undefined variable $formulario in C:\Users\Maria.Perez\Local Sites\houselink\app\public\wp-content\themes\houselink\single-inmuebles.php on line 140
[19-Jun-2023 07:02:09 UTC] PHP Warning:  Undefined variable $formulario in C:\Users\Maria.Perez\Local Sites\houselink\app\public\wp-content\themes\houselink\single-inmuebles.php on line 140
[19-Jun-2023 07:02:30 UTC] PHP Warning:  Undefined variable $formulario in C:\Users\Maria.Perez\Local Sites\houselink\app\public\wp-content\themes\houselink\single-inmuebles.php on line 140
[19-Jun-2023 07:02:52 UTC] PHP Warning:  Undefined variable $formulario in C:\Users\Maria.Perez\Local Sites\houselink\app\public\wp-content\themes\houselink\single-inmuebles.php on line 140
[19-Jun-2023 07:11:43 UTC] PHP Warning:  Undefined variable $formulario in C:\Users\Maria.Perez\Local Sites\houselink\app\public\wp-content\themes\houselink\single-inmuebles.php on line 140
[20-Jun-2023 15:37:06 UTC] PHP Warning:  Undefined variable $formulario in C:\Users\Maria.Perez\Local Sites\houselink\app\public\wp-content\themes\houselink\single-inmuebles.php on line 140
[20-Jun-2023 15:39:17 UTC] PHP Warning:  Undefined variable $formulario in C:\Users\Maria.Perez\Local Sites\houselink\app\public\wp-content\themes\houselink\single-inmuebles.php on line 140
[20-Jun-2023 15:40:04 UTC] PHP Warning:  Undefined variable $formulario in C:\Users\Maria.Perez\Local Sites\houselink\app\public\wp-content\themes\houselink\single-inmuebles.php on line 146
[20-Jun-2023 15:40:44 UTC] PHP Warning:  Undefined variable $formulario in C:\Users\Maria.Perez\Local Sites\houselink\app\public\wp-content\themes\houselink\single-inmuebles.php on line 146
[20-Jun-2023 15:41:05 UTC] PHP Warning:  Undefined variable $formulario in C:\Users\Maria.Perez\Local Sites\houselink\app\public\wp-content\themes\houselink\single-inmuebles.php on line 146
[20-Jun-2023 16:38:56 UTC] PHP Warning:  Undefined variable $formulario in C:\Users\Maria.Perez\Local Sites\houselink\app\public\wp-content\themes\houselink\single-inmuebles.php on line 146
[21-Jun-2023 18:39:43 UTC] PHP Warning:  Undefined variable $formulario in C:\Users\Maria.Perez\Local Sites\houselink\app\public\wp-content\themes\houselink\single-inmuebles.php on line 146
[21-Jun-2023 19:06:10 UTC] PHP Parse error:  Unmatched '}' in C:\Users\Maria.Perez\Local Sites\houselink\app\public\wp-content\themes\houselink\functions.php on line 425
[21-Jun-2023 19:06:10 UTC] PHP Warning:  Trying to access array offset on value of type bool in C:\Users\Maria.Perez\Local Sites\houselink\app\public\wp-includes\class-wp-recovery-mode-email-service.php on line 367
[21-Jun-2023 19:06:10 UTC] PHP Warning:  Trying to access array offset on value of type bool in C:\Users\Maria.Perez\Local Sites\houselink\app\public\wp-includes\class-wp-recovery-mode-email-service.php on line 368
[21-Jun-2023 19:06:11 UTC] PHP Parse error:  Unmatched '}' in C:\Users\Maria.Perez\Local Sites\houselink\app\public\wp-content\themes\houselink\functions.php on line 425
[21-Jun-2023 19:06:12 UTC] PHP Parse error:  Unmatched '}' in C:\Users\Maria.Perez\Local Sites\houselink\app\public\wp-content\themes\houselink\functions.php on line 425
[21-Jun-2023 19:06:12 UTC] PHP Parse error:  Unmatched '}' in C:\Users\Maria.Perez\Local Sites\houselink\app\public\wp-content\themes\houselink\functions.php on line 425
[21-Jun-2023 19:08:57 UTC] PHP Warning:  Undefined variable $formulario in C:\Users\Maria.Perez\Local Sites\houselink\app\public\wp-content\themes\houselink\single-inmuebles.php on line 146
[21-Jun-2023 20:00:52 UTC] WordPress database error Duplicate entry '12-0' for key 'PRIMARY' for query INSERT INTO `wp_yoast_indexable_hierarchy` (`indexable_id`, `ancestor_id`, `depth`, `blog_id`) VALUES ('12', '0', '0', '1') made by require('wp-blog-header.php'), require_once('wp-includes/template-loader.php'), include('/themes/houselink/page-templates/template-flat.php'), get_header, locate_template, load_template, require_once('/themes/houselink/header.php'), wp_head, do_action('wp_head'), WP_Hook->do_action, WP_Hook->apply_filters, wp_robots, apply_filters('wp_robots'), WP_Hook->apply_filters, Yoast\WP\SEO\Integrations\Front_End\WP_Robots_Integration->add_robots, Yoast\WP\SEO\Integrations\Front_End\WP_Robots_Integration->get_robots_value, Yoast\WP\SEO\Memoizers\Meta_Tags_Context_Memoizer->for_current_page, Yoast\WP\SEO\Repositories\Indexable_Repository->for_current_page, Yoast\WP\SEO\Repositories\Indexable_Repository->find_by_id_and_type, Yoast\WP\SEO\Repositories\Indexable_Repository->upgrade_indexable, Yoast\WP\SEO\Builders\Indexable_Builder->build, Yoast\WP\SEO\Builders\Indexable_Hierarchy_Builder->build, Yoast\WP\SEO\Builders\Indexable_Hierarchy_Builder->save_ancestors, Yoast\WP\SEO\Repositories\Indexable_Hierarchy_Repository->add_ancestor, Yoast\WP\Lib\Model->save, Yoast\WP\Lib\ORM->save, Yoast\WP\Lib\ORM::execute
[21-Jun-2023 20:00:53 UTC] WordPress database error Duplicate entry '5-0' for key 'PRIMARY' for query INSERT INTO `wp_yoast_indexable_hierarchy` (`indexable_id`, `ancestor_id`, `depth`, `blog_id`) VALUES ('5', '0', '0', '1') made by require('wp-blog-header.php'), require_once('wp-includes/template-loader.php'), include('/themes/houselink/page-templates/template-flat.php'), get_header, locate_template, load_template, require_once('/themes/houselink/header.php'), wp_head, do_action('wp_head'), WP_Hook->do_action, WP_Hook->apply_filters, Yoast\WP\SEO\Integrations\Front_End_Integration->call_wpseo_head, do_action('wpseo_head'), WP_Hook->do_action, WP_Hook->apply_filters, Yoast\WP\SEO\Integrations\Front_End_Integration->present_head, Yoast\WP\SEO\Presenters\Schema_Presenter->present, Yoast\WP\SEO\Presenters\Schema_Presenter->get, Yoast\WP\SEO\Presentations\Abstract_Presentation->__get, Yoast\WP\SEO\Presentations\Indexable_Presentation->generate_schema, Yoast\WP\SEO\Generators\Schema_Generator->generate, Yoast\WP\SEO\Generators\Schema_Generator->generate_graph, Yoast\WP\SEO\Generators\Schema\Breadcrumb->generate, Yoast\WP\SEO\Presentations\Abstract_Presentation->__get, Yoast\WP\SEO\Presentations\Indexable_Presentation->generate_breadcrumbs, Yoast\WP\SEO\Generators\Breadcrumbs_Generator->generate, Yoast\WP\SEO\Repositories\Indexable_Repository->find_by_id_and_type, Yoast\WP\SEO\Repositories\Indexable_Repository->upgrade_indexable, Yoast\WP\SEO\Builders\Indexable_Builder->build, Yoast\WP\SEO\Builders\Indexable_Hierarchy_Builder->build, Yoast\WP\SEO\Builders\Indexable_Hierarchy_Builder->save_ancestors, Yoast\WP\SEO\Repositories\Indexable_Hierarchy_Repository->add_ancestor, Yoast\WP\Lib\Model->save, Yoast\WP\Lib\ORM->save, Yoast\WP\Lib\ORM::execute
[21-Jun-2023 20:07:00 UTC] PHP Warning:  Attempt to read property "show_ui" on null in C:\Users\Maria.Perez\Local Sites\houselink\app\public\wp-admin\includes\class-wp-terms-list-table.php on line 576
[21-Jun-2023 20:07:00 UTC] PHP Warning:  Attempt to read property "show_ui" on null in C:\Users\Maria.Perez\Local Sites\houselink\app\public\wp-admin\includes\class-wp-terms-list-table.php on line 576
[21-Jun-2023 20:07:32 UTC] PHP Warning:  Attempt to read property "show_ui" on null in C:\Users\Maria.Perez\Local Sites\houselink\app\public\wp-admin\includes\class-wp-terms-list-table.php on line 576
[21-Jun-2023 20:07:32 UTC] PHP Warning:  Attempt to read property "show_ui" on null in C:\Users\Maria.Perez\Local Sites\houselink\app\public\wp-admin\includes\class-wp-terms-list-table.php on line 576
[21-Jun-2023 20:08:01 UTC] PHP Warning:  Attempt to read property "show_ui" on null in C:\Users\Maria.Perez\Local Sites\houselink\app\public\wp-admin\includes\class-wp-terms-list-table.php on line 576
[21-Jun-2023 20:08:01 UTC] PHP Warning:  Attempt to read property "show_ui" on null in C:\Users\Maria.Perez\Local Sites\houselink\app\public\wp-admin\includes\class-wp-terms-list-table.php on line 576
[01-Jul-2023 19:47:52 UTC] PHP Warning:  Undefined variable $titulo in C:\Users\Maria.Perez\Local Sites\houselink\app\public\wp-content\themes\houselink\single.php on line 21
[01-Jul-2023 19:48:12 UTC] PHP Warning:  Undefined variable $titulo in C:\Users\Maria.Perez\Local Sites\houselink\app\public\wp-content\themes\houselink\single.php on line 21
[01-Jul-2023 20:15:59 UTC] PHP Parse error:  syntax error, unexpected token ";" in C:\Users\Maria.Perez\Local Sites\houselink\app\public\wp-content\themes\houselink\functions.php on line 407
[01-Jul-2023 20:16:00 UTC] PHP Warning:  Trying to access array offset on value of type bool in C:\Users\Maria.Perez\Local Sites\houselink\app\public\wp-includes\class-wp-recovery-mode-email-service.php on line 367
[01-Jul-2023 20:16:00 UTC] PHP Warning:  Trying to access array offset on value of type bool in C:\Users\Maria.Perez\Local Sites\houselink\app\public\wp-includes\class-wp-recovery-mode-email-service.php on line 368
[01-Jul-2023 20:16:35 UTC] PHP Parse error:  syntax error, unexpected token ";" in C:\Users\Maria.Perez\Local Sites\houselink\app\public\wp-content\themes\houselink\functions.php on line 407
[01-Jul-2023 20:16:57 UTC] PHP Parse error:  syntax error, unexpected token ";" in C:\Users\Maria.Perez\Local Sites\houselink\app\public\wp-content\themes\houselink\functions.php on line 407
[01-Jul-2023 20:16:58 UTC] PHP Parse error:  syntax error, unexpected token ";" in C:\Users\Maria.Perez\Local Sites\houselink\app\public\wp-content\themes\houselink\functions.php on line 407
[01-Jul-2023 20:16:58 UTC] PHP Parse error:  syntax error, unexpected token ";" in C:\Users\Maria.Perez\Local Sites\houselink\app\public\wp-content\themes\houselink\functions.php on line 407
[01-Jul-2023 20:18:00 UTC] PHP Parse error:  syntax error, unexpected token ";" in C:\Users\Maria.Perez\Local Sites\houselink\app\public\wp-content\themes\houselink\functions.php on line 407
[01-Jul-2023 20:18:26 UTC] PHP Parse error:  syntax error, unexpected token ";" in C:\Users\Maria.Perez\Local Sites\houselink\app\public\wp-content\themes\houselink\functions.php on line 407
[01-Jul-2023 20:18:27 UTC] PHP Parse error:  syntax error, unexpected token ";" in C:\Users\Maria.Perez\Local Sites\houselink\app\public\wp-content\themes\houselink\functions.php on line 407
[01-Jul-2023 20:19:01 UTC] PHP Parse error:  syntax error, unexpected token ";" in C:\Users\Maria.Perez\Local Sites\houselink\app\public\wp-content\themes\houselink\functions.php on line 407
[01-Jul-2023 20:21:02 UTC] PHP Parse error:  syntax error, unexpected token ";" in C:\Users\Maria.Perez\Local Sites\houselink\app\public\wp-content\themes\houselink\functions.php on line 436
[01-Jul-2023 20:22:03 UTC] PHP Parse error:  Unclosed '{' on line 361 in C:\Users\Maria.Perez\Local Sites\houselink\app\public\wp-content\themes\houselink\functions.php on line 1410
[01-Jul-2023 20:25:18 UTC] PHP Parse error:  syntax error, unexpected token ";", expecting ")" in C:\Users\Maria.Perez\Local Sites\houselink\app\public\wp-content\themes\houselink\functions.php on line 392
[01-Jul-2023 20:25:21 UTC] PHP Parse error:  syntax error, unexpected token ";", expecting ")" in C:\Users\Maria.Perez\Local Sites\houselink\app\public\wp-content\themes\houselink\functions.php on line 392
[01-Jul-2023 20:25:56 UTC] PHP Parse error:  syntax error, unexpected token ";" in C:\Users\Maria.Perez\Local Sites\houselink\app\public\wp-content\themes\houselink\functions.php on line 392
[01-Jul-2023 20:25:56 UTC] PHP Parse error:  syntax error, unexpected token ";" in C:\Users\Maria.Perez\Local Sites\houselink\app\public\wp-content\themes\houselink\functions.php on line 392
[01-Jul-2023 20:26:06 UTC] PHP Parse error:  syntax error, unexpected token ";" in C:\Users\Maria.Perez\Local Sites\houselink\app\public\wp-content\themes\houselink\functions.php on line 392
[01-Jul-2023 20:28:05 UTC] PHP Parse error:  syntax error, unexpected token ";" in C:\Users\Maria.Perez\Local Sites\houselink\app\public\wp-content\themes\houselink\functions.php on line 392
[01-Jul-2023 20:30:06 UTC] PHP Parse error:  syntax error, unexpected token ";" in C:\Users\Maria.Perez\Local Sites\houselink\app\public\wp-content\themes\houselink\functions.php on line 392
[01-Jul-2023 21:50:04 UTC] PHP Parse error:  syntax error, unexpected token ";" in C:\Users\Maria.Perez\Local Sites\houselink\app\public\wp-content\themes\houselink\functions.php on line 392
[01-Jul-2023 21:50:05 UTC] PHP Parse error:  syntax error, unexpected token ";" in C:\Users\Maria.Perez\Local Sites\houselink\app\public\wp-content\themes\houselink\functions.php on line 392
